0 info it worked if it ends with ok
1 verbose cli [ 'C:\\Program Files\\nodejs\\node.exe',
1 verbose cli   'C:\\Users\\Jam3-5\\AppData\\Roaming\\npm\\node_modules\\npm\\bin\\npm-cli.js',
1 verbose cli   'start' ]
2 info using npm@3.8.8
3 info using node@v4.2.5
4 verbose run-script [ 'prestart', 'start', 'poststart' ]
5 info lifecycle contacts@0.0.0~prestart: contacts@0.0.0
6 silly lifecycle contacts@0.0.0~prestart: no script for prestart, continuing
7 info lifecycle contacts@0.0.0~start: contacts@0.0.0
8 verbose lifecycle contacts@0.0.0~start: unsafe-perm in lifecycle true
9 verbose lifecycle contacts@0.0.0~start: PATH: C:\Users\Jam3-5\AppData\Roaming\npm\node_modules\npm\bin\node-gyp-bin;C:\Users\Jam3-5\Desktop\Projects\ContactsApp\node_modules\.bin;C:\Program Files\nodejs;C:\Users\Jam3-5\AppData\Local\GitHub\PortableGit_d76a6a98c9315931ec4927243517bc09e9b731a0\cmd;C:\Users\Jam3-5\AppData\Local\GitHub\PortableGit_d76a6a98c9315931ec4927243517bc09e9b731a0\usr\bin;C:\Users\Jam3-5\AppData\Local\GitHub\PortableGit_d76a6a98c9315931ec4927243517bc09e9b731a0\usr\share\git-tfs;C:\Users\Jam3-5\AppData\Local\Apps\2.0\MH4Z5CAA.YT7\55X3LE2N.LTB\gith..tion_317444273a93ac29_0003.0001_cbe40ecbe3e419d4;C:\Users\Jam3-5\AppData\Local\GitHub\lfs-amd64_1.2.0;C:\Users\Jam3-5\AppData\Local\Apps\2.0\MH4Z5CAA.YT7\55X3LE2N.LTB\gith..tion_317444273a93ac29_0003.0001_cbe40ecbe3e419d4\NativeBinaries\x86;C:\Windows\system32;C:\Windows;C:\Windows\System32\Wbem;C:\Windows\System32\WindowsPowerShell\v1.0\;C:\Program Files\nodejs\;C:\Program Files\Git\cmd;C:\Program Files (x86)\NVIDIA Corporation\PhysX\Common;C:\Program Files\Git LFS;C:\Users\Jam3-5\AppData\Roaming\npm;C:\Users\Jam3-5\AppData\Local\atom\bin;C:\Program Files\CodeAndWeb\TexturePacker\bin;C:\Users\Jam3-5\Desktop\Projects\prj-coach-disney\node_modules\pngquant-bin\vendor;C:\Users\Jam3-5\AppData\Local\GitHub\PortableGit_d76a6a98c9315931ec4927243517bc09e9b731a0\cmd\git.exe;C:\Users\Jam3-5\AppData\Local\.meteor\;C:\Program Files\MongoDB\Server\3.2\bin;C:\Windows\Microsoft.NET\Framework\v4.0.30319\
10 verbose lifecycle contacts@0.0.0~start: CWD: C:\Users\Jam3-5\Desktop\Projects\ContactsApp
11 silly lifecycle contacts@0.0.0~start: Args: [ '/d /s /c', 'node ./bin/www' ]
12 silly lifecycle contacts@0.0.0~start: Returned: code: 1  signal: null
13 info lifecycle contacts@0.0.0~start: Failed to exec start script
14 verbose stack Error: contacts@0.0.0 start: `node ./bin/www`
14 verbose stack Exit status 1
14 verbose stack     at EventEmitter.<anonymous> (C:\Users\Jam3-5\AppData\Roaming\npm\node_modules\npm\lib\utils\lifecycle.js:244:16)
14 verbose stack     at emitTwo (events.js:87:13)
14 verbose stack     at EventEmitter.emit (events.js:172:7)
14 verbose stack     at ChildProcess.<anonymous> (C:\Users\Jam3-5\AppData\Roaming\npm\node_modules\npm\lib\utils\spawn.js:24:14)
14 verbose stack     at emitTwo (events.js:87:13)
14 verbose stack     at ChildProcess.emit (events.js:172:7)
14 verbose stack     at maybeClose (internal/child_process.js:821:16)
14 verbose stack     at Process.ChildProcess._handle.onexit (internal/child_process.js:211:5)
15 verbose pkgid contacts@0.0.0
16 verbose cwd C:\Users\Jam3-5\Desktop\Projects\ContactsApp
17 error Windows_NT 10.0.10586
18 error argv "C:\\Program Files\\nodejs\\node.exe" "C:\\Users\\Jam3-5\\AppData\\Roaming\\npm\\node_modules\\npm\\bin\\npm-cli.js" "start"
19 error node v4.2.5
20 error npm  v3.8.8
21 error code ELIFECYCLE
22 error contacts@0.0.0 start: `node ./bin/www`
22 error Exit status 1
23 error Failed at the contacts@0.0.0 start script 'node ./bin/www'.
23 error Make sure you have the latest version of node.js and npm installed.
23 error If you do, this is most likely a problem with the contacts package,
23 error not with npm itself.
23 error Tell the author that this fails on your system:
23 error     node ./bin/www
23 error You can get information on how to open an issue for this project with:
23 error     npm bugs contacts
23 error Or if that isn't available, you can get their info via:
23 error     npm owner ls contacts
23 error There is likely additional logging output above.
24 verbose exit [ 1, true ]
